{"C:\\Users\\Administrador\\Documents\\teste-nav\\App.tsx": {"path":"C:\\Users\\Administrador\\Documents\\teste-nav\\App.tsx","statementMap":{"0":{"start":{"line":19,"column":14},"end":{"line":19,"column":58}},"1":{"start":{"line":22,"column":2},"end":{"line":45,"column":4}}},"fnMap":{"0":{"name":"App","decl":{"start":{"line":21,"column":24},"end":{"line":21,"column":27}},"loc":{"start":{"line":21,"column":30},"end":{"line":46,"column":1}},"line":21}},"branchMap":{},"s":{"0":1,"1":1},"f":{"0":1},"b":{},"_coverageSchema":"1a1c01bbd47fc00a2c39e90264f33305004495a9","hash":"a9e037b79c0da9061cd0bbbbf73d190a35a043ee"}
,"C:\\Users\\Administrador\\Documents\\teste-nav\\src\\contato\\index.tsx": {"path":"C:\\Users\\Administrador\\Documents\\teste-nav\\src\\contato\\index.tsx","statementMap":{"0":{"start":{"line":14,"column":16},"end":{"line":14,"column":45}},"1":{"start":{"line":16,"column":1},"end":{"line":20,"column":4}},"2":{"start":{"line":23,"column":15},"end":{"line":29,"column":2}}},"fnMap":{"0":{"name":"Contato","decl":{"start":{"line":13,"column":16},"end":{"line":13,"column":23}},"loc":{"start":{"line":13,"column":26},"end":{"line":21,"column":1}},"line":13}},"branchMap":{},"s":{"0":1,"1":1,"2":2},"f":{"0":1},"b":{},"_coverageSchema":"1a1c01bbd47fc00a2c39e90264f33305004495a9","hash":"6b8c7ca30c2208eba9e0adf45642dcceeaa22841"}
,"C:\\Users\\Administrador\\Documents\\teste-nav\\src\\home\\index.tsx": {"path":"C:\\Users\\Administrador\\Documents\\teste-nav\\src\\home\\index.tsx","statementMap":{"0":{"start":{"line":7,"column":21},"end":{"line":7,"column":79}},"1":{"start":{"line":10,"column":1},"end":{"line":20,"column":4}},"2":{"start":{"line":14,"column":42},"end":{"line":14,"column":72}},"3":{"start":{"line":16,"column":40},"end":{"line":16,"column":96}},"4":{"start":{"line":18,"column":43},"end":{"line":18,"column":99}},"5":{"start":{"line":23,"column":15},"end":{"line":29,"column":2}}},"fnMap":{"0":{"name":"Home","decl":{"start":{"line":6,"column":16},"end":{"line":6,"column":20}},"loc":{"start":{"line":6,"column":23},"end":{"line":21,"column":1}},"line":6},"1":{"name":"(anonymous_1)","decl":{"start":{"line":14,"column":36},"end":{"line":14,"column":37}},"loc":{"start":{"line":14,"column":42},"end":{"line":14,"column":72}},"line":14},"2":{"name":"(anonymous_2)","decl":{"start":{"line":16,"column":34},"end":{"line":16,"column":35}},"loc":{"start":{"line":16,"column":40},"end":{"line":16,"column":96}},"line":16},"3":{"name":"(anonymous_3)","decl":{"start":{"line":18,"column":37},"end":{"line":18,"column":38}},"loc":{"start":{"line":18,"column":43},"end":{"line":18,"column":99}},"line":18}},"branchMap":{},"s":{"0":4,"1":4,"2":1,"3":1,"4":1,"5":2},"f":{"0":4,"1":1,"2":1,"3":1},"b":{},"_coverageSchema":"1a1c01bbd47fc00a2c39e90264f33305004495a9","hash":"f26ea44d75b59976bf069cae032856de40a425bd"}
,"C:\\Users\\Administrador\\Documents\\teste-nav\\src\\profile\\index.tsx": {"path":"C:\\Users\\Administrador\\Documents\\teste-nav\\src\\profile\\index.tsx","statementMap":{"0":{"start":{"line":7,"column":21},"end":{"line":7,"column":79}},"1":{"start":{"line":9,"column":1},"end":{"line":15,"column":4}},"2":{"start":{"line":13,"column":42},"end":{"line":13,"column":61}},"3":{"start":{"line":18,"column":15},"end":{"line":24,"column":2}}},"fnMap":{"0":{"name":"Profile","decl":{"start":{"line":6,"column":16},"end":{"line":6,"column":23}},"loc":{"start":{"line":6,"column":26},"end":{"line":16,"column":1}},"line":6},"1":{"name":"(anonymous_1)","decl":{"start":{"line":13,"column":36},"end":{"line":13,"column":37}},"loc":{"start":{"line":13,"column":42},"end":{"line":13,"column":61}},"line":13}},"branchMap":{},"s":{"0":2,"1":2,"2":1,"3":2},"f":{"0":2,"1":1},"b":{},"_coverageSchema":"1a1c01bbd47fc00a2c39e90264f33305004495a9","hash":"5bb50769cdd0d1328302ce6126ccae6ffed27103"}
,"C:\\Users\\Administrador\\Documents\\teste-nav\\src\\user\\index.tsx": {"path":"C:\\Users\\Administrador\\Documents\\teste-nav\\src\\user\\index.tsx","statementMap":{"0":{"start":{"line":15,"column":16},"end":{"line":15,"column":42}},"1":{"start":{"line":18,"column":17},"end":{"line":18,"column":24}},"2":{"start":{"line":19,"column":4},"end":{"line":19,"column":22}},"3":{"start":{"line":20,"column":4},"end":{"line":20,"column":16}},"4":{"start":{"line":23,"column":1},"end":{"line":38,"column":4}},"5":{"start":{"line":30,"column":21},"end":{"line":30,"column":44}},"6":{"start":{"line":35,"column":21},"end":{"line":35,"column":37}},"7":{"start":{"line":41,"column":15},"end":{"line":47,"column":2}}},"fnMap":{"0":{"name":"User","decl":{"start":{"line":14,"column":16},"end":{"line":14,"column":20}},"loc":{"start":{"line":14,"column":23},"end":{"line":39,"column":1}},"line":14},"1":{"name":"handleCalculate","decl":{"start":{"line":17,"column":11},"end":{"line":17,"column":26}},"loc":{"start":{"line":17,"column":50},"end":{"line":21,"column":3}},"line":17},"2":{"name":"(anonymous_2)","decl":{"start":{"line":30,"column":15},"end":{"line":30,"column":16}},"loc":{"start":{"line":30,"column":21},"end":{"line":30,"column":44}},"line":30},"3":{"name":"(anonymous_3)","decl":{"start":{"line":35,"column":15},"end":{"line":35,"column":16}},"loc":{"start":{"line":35,"column":21},"end":{"line":35,"column":37}},"line":35}},"branchMap":{},"s":{"0":3,"1":1,"2":1,"3":1,"4":3,"5":1,"6":1,"7":2},"f":{"0":3,"1":1,"2":1,"3":1},"b":{},"_coverageSchema":"1a1c01bbd47fc00a2c39e90264f33305004495a9","hash":"e59448656a113369a5afebbea33bf5c8327b488c"}
,"C:\\Users\\Administrador\\Documents\\teste-nav\\src\\utils\\math.ts": {"path":"C:\\Users\\Administrador\\Documents\\teste-nav\\src\\utils\\math.ts","statementMap":{"0":{"start":{"line":2,"column":24},"end":{"line":4,"column":1}},"1":{"start":{"line":3,"column":2},"end":{"line":3,"column":17}}},"fnMap":{"0":{"name":"(anonymous_0)","decl":{"start":{"line":2,"column":24},"end":{"line":2,"column":25}},"loc":{"start":{"line":2,"column":52},"end":{"line":4,"column":1}},"line":2}},"branchMap":{},"s":{"0":2,"1":1},"f":{"0":1},"b":{},"_coverageSchema":"1a1c01bbd47fc00a2c39e90264f33305004495a9","hash":"205ae6da79dd4efd5cadcc13c0d4ca5624c59737"}
}
