TN:
SF:App.tsx
FN:21,App
FNF:1
FNH:1
FNDA:1,App
DA:19,1
DA:22,1
LF:2
LH:2
BRF:0
BRH:0
end_of_record
TN:
SF:src\contato\index.tsx
FN:13,Contato
FNF:1
FNH:1
FNDA:1,Contato
DA:14,1
DA:16,1
DA:23,2
LF:3
LH:3
BRF:0
BRH:0
end_of_record
TN:
SF:src\home\index.tsx
FN:6,Home
FN:14,(anonymous_1)
FN:16,(anonymous_2)
FN:18,(anonymous_3)
FNF:4
FNH:4
FNDA:4,Home
FNDA:1,(anonymous_1)
FNDA:1,(anonymous_2)
FNDA:1,(anonymous_3)
DA:7,4
DA:10,4
DA:14,1
DA:16,1
DA:18,1
DA:23,2
LF:6
LH:6
BRF:0
BRH:0
end_of_record
TN:
SF:src\profile\index.tsx
FN:6,Profile
FN:13,(anonymous_1)
FNF:2
FNH:2
FNDA:2,Profile
FNDA:1,(anonymous_1)
DA:7,2
DA:9,2
DA:13,1
DA:18,2
LF:4
LH:4
BRF:0
BRH:0
end_of_record
TN:
SF:src\user\index.tsx
FN:13,User
FNF:1
FNH:1
FNDA:1,User
DA:14,1
DA:16,1
DA:24,2
LF:3
LH:3
BRF:0
BRH:0
end_of_record
